Total opcodes: 49346

Opcode counts:
local.get: 12209
i32.const: 7882
i32.add: 3777
i32.load: 2681
local.tee: 2578
local.set: 2417
br_if: 2374
end: 2365
i32.store: 2096
block: 1728
i32.shl: 837
call: 781
i32.load8_u: 563
i32.and: 531
br: 526
i32.eqz: 494
loop: 462
i32.sub: 379
i32.or: 348
i32.gt_s: 297
drop: 296
i32.store8: 291
i32.ne: 278
i32.lt_s: 268
i32.eq: 236
i32.shr_u: 236
select: 221
i64.const: 195
i32.load16_u: 190
i32.gt_u: 158
return: 129
i64.store: 124
global.set: 99
i32.ge_u: 95
i32.lt_u: 82
i32.le_s: 71
unreachable: 69
i32.mul: 64
i32.xor: 63
i64.load: 61
i32.ge_s: 59
global.get: 53
i32.shr_s: 53
call_indirect: 44
f64.const: 40
br_table: 34
i64.sub: 33
i32.le_u: 30
i32.store16: 28
i64.mul: 26
i64.and: 23
i64.shl: 22
i64.add: 21
i64.shr_u: 21
i64.or: 20
f64.mul: 20
i32.load8_s: 17
i64.xor: 16
i64.extend_i32_u: 15
i64.lt_u: 14
i32.rotl: 13
i64.eqz: 12
i32.div_u: 12
i64.ne: 11
i64.div_u: 10
i32.wrap_i64: 10
i32.div_s: 9
i64.extend_i32_s: 9
i64.gt_u: 8
i64.le_u: 7
f64.store: 6
i64.lt_s: 6
f64.add: 6
i64.load32_u: 5
i64.store32: 5
f64.ne: 5
f64.neg: 5
f64.sub: 5
i64.clz: 4
f64.div: 4
f32.convert_i32_s: 4
i64.load32_s: 3
i64.eq: 3
i64.gt_s: 3
f64.lt: 3
i32.rem_u: 3
i64.shr_s: 3
f64.convert_i32_u: 3
f64.promote_f32: 3
f64.load: 2
i64.ge_u: 2
f64.eq: 2
f64.abs: 2
i64.reinterpret_f64: 2
i64.load8_s: 1
i64.load8_u: 1
i64.load16_s: 1
i64.load16_u: 1
i64.store8: 1
memory.size: 1
memory.grow: 1
i64.le_s: 1
i64.ge_s: 1
f64.ge: 1
i64.rotl: 1
f32.div: 1
i32.trunc_f64_s: 1
i32.trunc_f64_u: 1
f64.convert_i32_s: 1
f64.reinterpret_i64: 1

Opcode counts with immediates:
i32.add: 3777
local.get 0: 2442
end: 2365
br_if 0: 1793
block: 1728
local.get 3: 1461
i32.const 0 (0x0): 1448
local.get 2: 1330
i32.const 1 (0x1): 1203
local.get 1: 1121
i32.load 2, 0: 970
local.get 4: 961
i32.shl: 837
i32.store 2, 0: 660
local.get 5: 559
local.get 6: 539
i32.and: 531
i32.const 2 (0x2): 504
i32.eqz: 494
loop: 459
i32.const 8 (0x8): 451
i32.const 4294967295 (0xffffffff): 433
i32.load8_u 0, 0: 415
local.get 7: 411
local.tee 3: 406
i32.sub: 379
i32.or: 348
i32.gt_s: 297
drop: 296
i32.const 4 (0x4): 290
i32.ne: 278
local.get 18: 276
i32.lt_s: 268
local.get 8: 267
br_if 1: 255
local.set 2: 252
local.tee 2: 251
local.set 3: 244
i32.eq: 236
i32.shr_u: 236
br 1: 233
local.get 16: 222
select: 221
local.get 17: 218
local.get 9: 213
i32.store8 0, 0: 205
local.get 14: 198
local.tee 4: 191
i32.const 16 (0x10): 188
i32.load16_u 1, 0: 186
local.get 19: 183
i32.const 32 (0x20): 178
local.tee 7: 172
local.get 20: 171
i32.const 3 (0x3): 168
local.set 4: 166
i32.gt_u: 158
local.get 10: 155
i32.load 2, 4: 153
i32.store 2, 4: 149
local.set 0: 141
i32.const 4294967288 (0xfffffff8): 140
i32.const 255 (0xff): 140
i32.load 2, 8: 139
local.get 15: 136
local.get 28: 135
local.tee 0: 135
local.tee 18: 132
local.set 7: 131
return: 129
local.get 30: 128
local.tee 5: 126
i32.const 15 (0xf): 126
local.tee 1: 122
local.get 11: 117
local.tee 6: 115
local.set 6: 113
local.tee 19: 113
local.set 5: 112
local.set 1: 111
i32.store 2, 12: 109
local.get 13: 108
local.set 30: 107
i32.load 2, 32: 101
local.get 21: 100
i32.store 2, 604: 100
global.set 0: 99
i32.store 2, 8: 98
i32.load 2, 28: 97
i32.load 2, 600: 97
i32.store 2, 600: 97
local.tee 8: 96
local.tee 28: 95
i32.ge_u: 95
local.set 16: 93
i32.store 2, 32: 93
br_if 2: 91
local.get 29: 89
i32.load 2, 9808: 88
call 151: 85
i64.const 0 (0x0): 85
i32.const 256 (0x100): 83
local.tee 9: 82
i32.lt_u: 82
local.set 15: 80
i32.const 7 (0x7): 80
i32.load 2, 12: 75
i32.const 24 (0x18): 75
br 2: 74
local.set 8: 72
local.tee 16: 71
i32.le_s: 71
unreachable: 69
i32.const 4294967292 (0xfffffffc): 68
local.get 12: 64
i32.load8_u 0, 3: 64
i32.const 13824 (0x3600): 64
i32.mul: 64
local.set 17: 63
local.tee 17: 63
i32.xor: 63
local.set 9: 62
local.get 22: 61
br_if 3: 60
local.get 27: 59
i32.load 2, 76: 59
i32.const 10 (0xa): 59
i32.ge_s: 59
i32.load 2, 20: 58
i32.const 37668 (0x9324): 58
local.get 23: 54
i32.load 2, 16940: 54
local.tee 29: 53
global.get 0: 53
i32.shr_s: 53
local.set 10: 52
i32.store 2, 24: 52
i32.store 2, 28: 52
i32.const 39216 (0x9930): 52
br 3: 51
i32.load 2, 13812: 51
local.set 29: 50
call 119: 49
i32.const 4294967294 (0xfffffffe): 49
i32.load 2, 44: 46
i32.const 1024 (0x400): 46
i32.const 48 (0x30): 46
br_if 4: 45
local.get 31: 45
i32.const 9 (0x9): 45
i32.store 2, 20: 44
i32.load 2, 36: 43
i64.store 3, 0: 43
local.set 27: 42
i32.const 12 (0xc): 42
i32.load 2, 16: 41
call 171: 40
local.set 21: 40
local.tee 20: 40
local.set 11: 39
i32.load 2, 604: 39
local.get 25: 38
i32.store 2, 13812: 38
call 160: 37
local.set 20: 37
i32.store 2, 18640: 36
i32.const 5 (0x5): 36
i32.const 80 (0x50): 36
local.set 13: 35
local.set 14: 35
local.tee 10: 35
i32.load 2, 24: 34
i32.const 14864 (0x3a10): 34
i32.const 20 (0x14): 34
i64.sub: 33
local.get 26: 32
local.get 36: 32
local.set 28: 31
br 4: 30
local.set 18: 30
local.tee 14: 30
i32.load 2, 56: 30
i32.le_u: 30
local.tee 13: 29
i32.store 2, 56: 29
call 120: 28
local.tee 21: 28
i32.load 2, 68: 28
i32.store 2, 16: 28
i32.const 112 (0x70): 28
local.get 24: 27
i32.store 2, 76: 27
i32.const 624 (0x270): 27
br 0: 26
local.tee 15: 26
i32.const 31 (0x1f): 26
i64.mul: 26
call 165: 25
i32.load 2, 16948: 25
i32.store 2, 5060: 25
call 122: 24
call_indirect 0, 0: 24
local.set 12: 24
i32.store 2, 60: 24
i32.const 28 (0x1c): 24
i32.const 603 (0x25b): 24
local.tee 11: 23
i32.const 65535 (0xffff): 23
i64.and: 23
local.set 19: 22
i32.store 2, 1088: 22
i32.const 64 (0x40): 22
i64.shl: 22
i32.const 6 (0x6): 21
i32.const 4128 (0x1020): 21
i64.const 32 (0x20): 21
i64.add: 21
i64.shr_u: 21
call 113: 20
i64.or: 20
f64.mul: 20
br_if 5: 19
br_if 6: 19
call 124: 19
call 159: 19
local.get 32: 19
local.set 22: 19
i32.load 2, 13784: 19
i64.load 3, 0: 19
i32.load 2, 52: 18
i32.store16 1, 0: 18
i32.const 4294967040 (0xffffff00): 18
i32.const 2064 (0x810): 18
br 5: 17
call 41: 17
call 67: 17
local.set 31: 17
i32.const 4294967293 (0xfffffffd): 17
local.set 25: 16
local.tee 22: 16
i32.load 2, 40: 16
i32.const 1092 (0x444): 16
i32.const 4294967280 (0xfffffff0): 16
i64.xor: 16
br 7: 15
i32.const 76 (0x4c): 15
i64.extend_i32_u: 15
local.get 35: 14
local.tee 12: 14
i32.load 2, 18640: 14
i32.load8_u 0, 13783: 14
i32.store 2, 68: 14
i32.store 2, 13788: 14
i32.const 983040 (0xf0000): 14
i32.const 56 (0x38): 14
i32.const 2147483639 (0x7ffffff7): 14
i32.const 4294967290 (0xfffffffa): 14
i64.lt_u: 14
call 32: 13
local.set 24: 13
local.set 26: 13
local.tee 27: 13
i32.load 2, 60: 13
i32.const 18184 (0x4708): 13
i32.const 68 (0x44): 13
i32.const 96 (0x60): 13
i32.const 4294967291 (0xfffffffb): 13
i64.const 4294967295 (0xffffffff): 13
i64.const 18446744073709551615 (0xffffffffffffffff): 13
i32.rotl: 13
call 65: 12
call 110: 12
call_indirect 1, 0: 12
i32.const 258 (0x102): 12
i32.const 1032 (0x408): 12
i32.const 18448 (0x4810): 12
i32.const 45 (0x2d): 12
i32.const 88 (0x58): 12
i32.const 128 (0x80): 12
i32.const 100000 (0x186a0): 12
f64.const 16 (0x1p+4): 12
i64.eqz: 12
i32.div_u: 12
br 10: 11
br_if 7: 11
local.get 33: 11
local.get 38: 11
local.set 23: 11
local.tee 25: 11
i32.load 2, 3152: 11
i32.store 2, 52: 11
i32.store 2, 18144: 11
i64.store 2, 0: 11
i32.store8 0, 13808: 11
i32.const 512 (0x200): 11
i32.const 25 (0x19): 11
i32.const 70 (0x46): 11
i32.const 11360 (0x2c60): 11
i32.const 144 (0x90): 11
i64.ne: 11
call 91: 10
call 118: 10
call 156: 10
local.set 36: 10
i32.load 2, 616: 10
i32.store 2, 13776: 10
i64.store 3, 8: 10
i32.const 18 (0x12): 10
i32.const 30 (0x1e): 10
i32.const 40 (0x28): 10
i32.const 3708 (0xe7c): 10
i32.const 1493 (0x5d5): 10
i64.const 1000000000 (0x3b9aca00): 10
i64.const 1 (0x1): 10
i64.div_u: 10
i32.wrap_i64: 10
br 12: 9
call 125: 9
call 139: 9
local.get 37: 9
local.tee 30: 9
i32.load 2, 3156: 9
i32.load8_u 0, 8: 9
i32.store 2, 44: 9
i32.store 2, 48: 9
i32.store 2, 16952: 9
i32.store 2, 64: 9
i32.store 2, 18148: 9
i32.store 2, 18152: 9
i32.const 1025 (0x401): 9
i32.const 29 (0x1d): 9
i32.const 1056 (0x420): 9
i32.const 36 (0x24): 9
i32.const 44 (0x2c): 9
i32.const 1106 (0x452): 9
i32.const 10336 (0x2860): 9
i32.const 5000 (0x1388): 9
i32.const 3988 (0xf94): 9
i32.const 4294967248 (0xffffffd0): 9
i32.const 2147483647 (0x7fffffff): 9
i32.div_s: 9
i64.extend_i32_s: 9
br 11: 8
br_if 8: 8
call 89: 8
local.get 34: 8
local.set 32: 8
i32.load 2, 16944: 8
i32.load 2, 628: 8
i32.load 2, 5052: 8
i32.load 2, 5056: 8
i32.load 2, 18144: 8
i32.load 2, 18148: 8
i32.load 2, 18164: 8
i64.load 2, 0: 8
i64.load 3, 56: 8
i32.load8_s 0, 0: 8
i32.store 2, 36: 8
i32.store 2, 18156: 8
i32.store 2, 18168: 8
i32.store8 0, 14848: 8
i32.const 8192 (0x2000): 8
i32.const 34 (0x22): 8
i32.const 47 (0x2f): 8
i32.const 49 (0x31): 8
i32.const 86336 (0x15140): 8
i32.const 2155905152 (0x80808080): 8
i32.const 160 (0xa0): 8
i32.const 4294967287 (0xfffffff7): 8
i32.const 4278124287 (0xfefefeff): 8
i32.const 4292870143 (0xffdfffff): 8
f64.const 0 (0x0p+0): 8
i64.gt_u: 8
br 6: 7
br 8: 7
br_if 11: 7
call 19: 7
call_indirect 3, 0: 7
local.set 38: 7
local.tee 35: 7
i32.load 2, 48: 7
i32.load 2, 10300: 7
i32.load 2, 1088: 7
i32.load 2, 3148: 7
i32.load 2, 9812: 7
i32.load 2, 140: 7
i32.load 2, 10444: 7
i32.load8_u 0, 1: 7
i32.load8_u 0, 13782: 7
i32.store 2, 40: 7
i32.store 2, 80: 7
i32.store 2, 18164: 7
i64.store 3, 16: 7
i32.store8 0, 1: 7
i32.store8 0, 15888: 7
i32.const 11 (0xb): 7
i32.const 14 (0xe): 7
i32.const 21 (0x15): 7
i32.const 1568 (0x620): 7
i32.const 60 (0x3c): 7
i32.const 63 (0x3f): 7
i32.const 5440 (0x1540): 7
i32.const 5012 (0x1394): 7
i32.const 240 (0xf0): 7
i64.le_u: 7
br_if 12: 6
call 93: 6
call 103: 6
call 106: 6
call 117: 6
call 133: 6
call 162: 6
call 170: 6
local.get 39: 6
local.set 33: 6
local.set 34: 6
local.tee 26: 6
local.tee 31: 6
i32.load 2, 64064: 6
i32.load 2, 80: 6
i32.load 2, 3160: 6
i32.load 2, 3164: 6
i32.load 2, 3168: 6
i32.load 2, 5044: 6
i32.load 2, 18656: 6
i32.load 2, 18160: 6
i32.load 2, 18168: 6
i32.load8_s 0, 1: 6
i32.load8_u 0, 2: 6
i32.load8_u 0, 16: 6
i32.store 2, 84: 6
i32.store 2, 96: 6
i32.store 2, 608: 6
i32.store 2, 3168: 6
i32.store 2, 108: 6
i32.const 65536 (0x10000): 6
i32.const 73728 (0x12000): 6
i32.const 57344 (0xe000): 6
i32.const 26 (0x1a): 6
i32.const 27 (0x1b): 6
i32.const 288 (0x120): 6
i32.const 38 (0x26): 6
i32.const 42 (0x2a): 6
i32.const 46 (0x2e): 6
i32.const 50 (0x32): 6
i32.const 92 (0x5c): 6
i32.const 632 (0x278): 6
i32.const 208 (0xd0): 6
i32.const 13536 (0x34e0): 6
i32.const 18656 (0x48e0): 6
i64.lt_s: 6
f64.add: 6
br 9: 5
br 13: 5
br_if 10: 5
br_if 13: 5
br_table 0, 1, 1: 5
call 39: 5
call 90: 5
call 135: 5
call 175: 5
local.set 37: 5
i32.load 2, 72: 5
i32.load 2, 9804: 5
i32.load 2, 608: 5
i32.load 2, 108: 5
i32.load 2, 5016: 5
i32.load 2, 5032: 5
i32.load 2, 18152: 5
i32.load 2, 18156: 5
i32.load8_u 0, 40: 5
i32.load8_u 0, 13780: 5
i64.load32_u 2, 0: 5
i32.store 2, 16948: 5
i32.store 2, 3160: 5
i32.store 2, 3164: 5
i32.store 2, 100: 5
i32.store 2, 128: 5
i64.store 2, 4: 5
i64.store 2, 16: 5
i32.store8 0, 2: 5
i32.store8 0, 8: 5
i32.const 245760 (0x3c000): 5
i32.const 520192 (0x7f000): 5
i32.const 1048320 (0xfff00): 5
i32.const 257 (0x101): 5
i32.const 544 (0x220): 5
i32.const 43 (0x2b): 5
i32.const 58 (0x3a): 5
i32.const 10300 (0x283c): 5
i32.const 2368 (0x940): 5
i32.const 71 (0x47): 5
i32.const 72 (0x48): 5
i32.const 84 (0x54): 5
i32.const 89 (0x59): 5
i32.const 90 (0x5a): 5
i32.const 5552 (0x15b0): 5
i32.const 448 (0x1c0): 5
i32.const 3275 (0xccb): 5
i32.const 10444 (0x28cc): 5
i32.const 4294967263 (0xffffffdf): 5
i32.const 4294967264 (0xffffffe0): 5
i32.const 2147483646 (0x7ffffffe): 5
i32.const 4095 (0xfff): 5
i32.const 16777215 (0xffffff): 5
i64.const 4294967296 (0x100000000): 5
f64.ne: 5
f64.neg: 5
f64.sub: 5
br 33: 4
br_if 9: 4
br_if 14: 4
br_if 46: 4
call 27: 4
call 31: 4
call 38: 4
call 42: 4
call 54: 4
call 55: 4
call 70: 4
call 104: 4
call 121: 4
call 141: 4
call 176: 4
local.get 40: 4
local.set 35: 4
local.set 39: 4
local.tee 24: 4
i32.load 2, 524: 4
i32.load 2, 64: 4
i32.load 2, 84: 4
i32.load 2, 3176: 4
i32.load 2, 620: 4
i32.load 2, 7804: 4
i32.load 2, 18632: 4
i32.load 2, 13796: 4
i32.load 2, 13800: 4
i32.load8_u 0, 5008: 4
i32.store 0, 0: 4
i32.store 2, 112: 4
i32.store 2, 132: 4
i32.store 2, 5004: 4
i32.store 2, 13784: 4
i32.store 2, 13800: 4
i32.store 2, 18172: 4
i64.store 2, 8: 4
i32.store8 0, 5064: 4
i64.store32 2, 0: 4
i32.const 2147483648 (0x80000000): 4
i32.const 16384 (0x4000): 4
i32.const 18192 (0x4710): 4
i32.const 17 (0x11): 4
i32.const 19 (0x13): 4
i32.const 22 (0x16): 4
i32.const 23 (0x17): 4
i32.const 33 (0x21): 4
i32.const 35 (0x23): 4
i32.const 1571 (0x623): 4
i32.const 37 (0x25): 4
i32.const 54 (0x36): 4
i32.const 1088 (0x440): 4
i32.const 2112 (0x840): 4
i32.const 3392 (0xd40): 4
i32.const 66 (0x42): 4
i32.const 4192 (0x1060): 4
i32.const 97 (0x61): 4
i32.const 45420 (0xb16c): 4
i32.const 114 (0x72): 4
i32.const 7804 (0x1e7c): 4
i32.const 51612 (0xc99c): 4
i32.const 18592 (0x48a0): 4
i32.const 432 (0x1b0): 4
i32.const 57804 (0xe1cc): 4
i32.const 3792 (0xed0): 4
i32.const 63996 (0xf9fc): 4
i32.const 999999999 (0x3b9ac9ff): 4
i64.const 2 (0x2): 4
i64.const 63 (0x3f): 4
f64.const 1 (0x1p+0): 4
i64.clz: 4
f64.div: 4
f32.convert_i32_s: 4
loop i32: 3
br 34: 3
br_if 18: 3
br_if 19: 3
br_table 0, 1, 2, 3: 3
br_table 0, 2, 1, 4: 3
br_table 2, 0, 1: 3
call 23: 3
call 34: 3
call 35: 3
call 47: 3
call 69: 3
call 76: 3
call 109: 3
call 131: 3
call 134: 3
call 142: 3
call 146: 3
call 148: 3
call 168: 3
local.tee 23: 3
local.tee 37: 3
i32.load 0, 0: 3
i32.load 2, 284: 3
i32.load 2, 13648: 3
i32.load 2, 612: 3
i32.load 2, 3172: 3
i32.load 2, 5004: 3
i32.load 2, 18576: 3
i32.load 2, 428: 3
i32.load 2, 18616: 3
i32.load 2, 13768: 3
i32.load 2, 18648: 3
i64.load 3, 8: 3
i64.load 3, 16: 3
i64.load 3, 24: 3
i32.load8_u 0, 15: 3
i64.load32_s 2, 0: 3
i32.store 2, 18176: 3
i32.store 2, 620: 3
i32.store 2, 116: 3
i32.store 2, 136: 3
i32.store 2, 5012: 3
i32.store 2, 18588: 3
i32.store 2, 18592: 3
i32.store 2, 5028: 3
i32.store 2, 18596: 3
i32.store 2, 5032: 3
i32.store 2, 13796: 3
i32.store 2, 18160: 3
f64.store 3, 0: 3
i32.store8 0, 3: 3
i32.store8 0, 13780: 3
i32.store8 0, 13781: 3
i32.store8 0, 13782: 3
i32.store8 0, 13783: 3
i32.store8 0, 13792: 3
i32.store8 0, 13793: 3
i32.store16 0, 0: 3
i32.const 67108864 (0x4000000): 3
i32.const 268435456 (0x10000000): 3
i32.const 2097152 (0x200000): 3
i32.const 32768 (0x8000): 3
i32.const 1000000000 (0x3b9aca00): 3
i32.const 16843009 (0x1010101): 3
i32.const 262148 (0x40004): 3
i32.const 524 (0x20c): 3
i32.const 1566 (0x61e): 3
i32.const 15904 (0x3e20): 3
i32.const 1580 (0x62c): 3
i32.const 52 (0x34): 3
i32.const 1595 (0x63b): 3
i32.const 61 (0x3d): 3
i32.const 62 (0x3e): 3
i32.const 10304 (0x2840): 3
i32.const 16960 (0x4240): 3
i32.const 3908 (0xf44): 3
i32.const 4422 (0x1146): 3
i32.const 74 (0x4a): 3
i32.const 78 (0x4e): 3
i32.const 82 (0x52): 3
i32.const 86 (0x56): 3
i32.const 94 (0x5e): 3
i32.const 43872 (0xab60): 3
i32.const 45408 (0xb160): 3
i32.const 3180 (0xc6c): 3
i32.const 120 (0x78): 3
i32.const 3452 (0xd7c): 3
i32.const 1664 (0x680): 3
i32.const 2698 (0xa8a): 3
i32.const 140 (0x8c): 3
i32.const 1699 (0x6a3): 3
i32.const 176 (0xb0): 3
i32.const 7868 (0x1ebc): 3
i32.const 4294967231 (0xffffffbf): 3
i32.const 192 (0xc0): 3
i32.const 196 (0xc4): 3
i32.const 200 (0xc8): 3
i32.const 4294967240 (0xffffffc8): 3
i32.const 4294967244 (0xffffffcc): 3
i32.const 224 (0xe0): 3
i32.const 480 (0x1e0): 3
i32.const 4294967289 (0xfffffff9): 3
i32.const 2047 (0x7ff): 3
i64.const 9223372036854775808 (0x8000000000000000): 3
i64.eq: 3
i64.gt_s: 3
f64.lt: 3
i32.rem_u: 3
i64.shr_s: 3
f64.convert_i32_u: 3
f64.promote_f32: 3
br 14: 2
br 35: 2
br_if 15: 2
br_if 16: 2
br_if 17: 2
br_if 27: 2
br_if 28: 2
br_if 29: 2
br_if 30: 2
br_if 31: 2
br_if 32: 2
br_if 47: 2
br_if 48: 2
br_table 0, 1, 2: 2
call 22: 2
call 25: 2
call 26: 2
call 28: 2
call 29: 2
call 30: 2
call 46: 2
call 49: 2
call 53: 2
call 56: 2
call 57: 2
call 59: 2
call 66: 2
call 80: 2
call 96: 2
call 97: 2
call 101: 2
call 105: 2
call 111: 2
call 128: 2
call 140: 2
call 143: 2
call 155: 2
call 157: 2
call 169: 2
call 172: 2
call 174: 2
call 180: 2
call 182: 2
call 183: 2
call 187: 2
local.get 42: 2
local.get 44: 2
local.get 46: 2
local.get 48: 2
local.get 50: 2
local.get 52: 2
local.get 54: 2
local.get 56: 2
local.get 58: 2
local.get 60: 2
local.get 62: 2
local.get 64: 2
local.get 66: 2
local.get 68: 2
local.get 70: 2
local.get 72: 2
local.get 74: 2
local.get 76: 2
local.get 78: 2
local.get 80: 2
local.get 82: 2
local.get 84: 2
local.get 86: 2
local.get 88: 2
local.get 90: 2
local.get 92: 2
local.get 94: 2
local.get 96: 2
local.get 98: 2
local.get 100: 2
local.get 102: 2
local.get 104: 2
local.get 106: 2
local.get 108: 2
local.get 110: 2
local.get 112: 2
local.get 114: 2
local.get 116: 2
local.get 118: 2
local.get 120: 2
local.get 122: 2
local.tee 32: 2
local.tee 33: 2
local.tee 34: 2
local.tee 38: 2
i32.load 2, 4132: 2
i32.load 2, 16952: 2
i32.load 2, 13408: 2
i32.load 2, 18584: 2
i32.load 2, 18624: 2
i32.load 2, 5060: 2
i32.load 2, 18644: 2
i32.load 2, 13788: 2
i64.load 3, 32: 2
i64.load 3, 18072: 2
i64.load 3, 18088: 2
i32.load8_s 0, 2: 2
i32.load8_u 0, 12: 2
i32.load8_u 0, 32: 2
i32.load8_u 0, 13781: 2
i32.load16_u 0, 0: 2
i32.store 2, 256: 2
i32.store 2, 260: 2
i32.store 2, 18180: 2
i32.store 2, 272: 2
i32.store 2, 276: 2
i32.store 2, 4132: 2
i32.store 2, 16940: 2
i32.store 2, 16944: 2
i32.store 2, 3148: 2
i32.store 2, 3156: 2
i32.store 2, 88: 2
i32.store 2, 13408: 2
i32.store 2, 612: 2
i32.store 2, 3172: 2
i32.store 2, 104: 2
i32.store 2, 3176: 2
i32.store 2, 140: 2
i32.store 2, 144: 2
i32.store 2, 5016: 2
i32.store 2, 160: 2
i32.store 2, 18604: 2
i32.store 2, 176: 2
i32.store 2, 180: 2
i32.store 2, 5044: 2
i32.store 2, 18616: 2
i32.store 2, 192: 2
i32.store 2, 196: 2
i32.store 2, 200: 2
i32.store 2, 18636: 2
i32.store 2, 208: 2
i32.store 2, 212: 2
i32.store 2, 224: 2
i32.store 2, 228: 2
i32.store 2, 232: 2
i32.store 2, 13804: 2
i32.store 2, 240: 2
i32.store 2, 244: 2
i64.store 2, 20: 2
i64.store 2, 24: 2
i64.store 2, 52: 2
i64.store 2, 76: 2
i64.store 2, 18620: 2
i64.store 2, 18628: 2
i64.store 3, 24: 2
i64.store 3, 56: 2
i32.store8 0, 15: 2
i32.store8 0, 5008: 2
i32.const 335544320 (0x14000000): 2
i32.const 2048 (0x800): 2
i32.const 268455936 (0x10005000): 2
i32.const 65280 (0xff00): 2
i32.const 1028 (0x404): 2
i32.const 3846 (0xf06): 2
i32.const 25870 (0x650e): 2
i32.const 272 (0x110): 2
i32.const 528 (0x210): 2
i32.const 532 (0x214): 2
i32.const 14868 (0x3a14): 2
i32.const 18196 (0x4714): 2
i32.const 280 (0x118): 2
i32.const 536 (0x218): 2
i32.const 18200 (0x4718): 2
i32.const 540 (0x21c): 2
i32.const 18204 (0x471c): 2
i32.const 18208 (0x4720): 2
i32.const 18212 (0x4724): 2
i32.const 18216 (0x4728): 2
i32.const 18220 (0x472c): 2
i32.const 2096 (0x830): 2
i32.const 5168 (0x1430): 2
i32.const 10288 (0x2830): 2
i32.const 55 (0x37): 2
i32.const 3133 (0xc3d): 2
i32.const 7997 (0x1f3d): 2
i32.const 8000 (0x1f40): 2
i32.const 65 (0x41): 2
i32.const 69 (0x45): 2
i32.const 4167 (0x1047): 2
i32.const 2120 (0x848): 2
i32.const 3400 (0xd48): 2
i32.const 2896 (0xb50): 2
i32.const 10320 (0x2850): 2
i32.const 18000 (0x4650): 2
i32.const 18002 (0x4652): 2
i32.const 83 (0x53): 2
i32.const 344 (0x158): 2
i32.const 600 (0x258): 2
i32.const 1431655768 (0x55555558): 2
i32.const 100 (0x64): 2
i32.const 3173 (0xc65): 2
i32.const 102 (0x66): 2
i32.const 104 (0x68): 2
i32.const 3436 (0xd6c): 2
i32.const 880 (0x370): 2
i32.const 3707 (0xe7b): 2
i32.const 6527 (0x197f): 2
i32.const 384 (0x180): 2
i32.const 400000 (0x61a80): 2
i32.const 4294966912 (0xfffffe80): 2
i32.const 4999 (0x1387): 2
i32.const 136 (0x88): 2
i32.const 75913 (0x12889): 2
i32.const 51600 (0xc990): 2
i32.const 5016 (0x1398): 2
i32.const 1442 (0x5a2): 2
i32.const 3237 (0xca5): 2
i32.const 5544 (0x15a8): 2
i32.const 2229 (0x8b5): 2
i32.const 1463 (0x5b7): 2
i32.const 5048 (0x13b8): 2
i32.const 1984 (0x7c0): 2
i32.const 2496 (0x9c0): 2
i32.const 5056 (0x13c0): 2
i32.const 4294967232 (0xffffffc0): 2
i32.const 4294967233 (0xffffffc1): 2
i32.const 3530 (0xdca): 2
i32.const 5068 (0x13cc): 2
i32.const 214748364 (0xccccccc): 2
i32.const 4294967247 (0xffffffcf): 2
i32.const 5584 (0x15d0): 2
i32.const 10448 (0x28d0): 2
i32.const 1490 (0x5d2): 2
i32.const 19666 (0x4cd2): 2
i32.const 1496 (0x5d8): 2
i32.const 1247 (0x4df): 2
i32.const 1765 (0x6e5): 2
i32.const 18664 (0x48e8): 2
i32.const 3053 (0xbed): 2
i32.const 1007 (0x3ef): 2
i32.const 4294967279 (0xffffffef): 2
i32.const 4592 (0x11f0): 2
i32.const 4294967284 (0xfffffff4): 2
i32.const 4294967286 (0xfffffff6): 2
i32.const 250 (0xfa): 2
i32.const 1530 (0x5fa): 2
i32.const 2147483645 (0x7ffffffd): 2
i32.const 32767 (0x7fff): 2
i32.const 4294901759 (0xfffeffff): 2
i64.const 281474976776192 (0x1000000010000): 2
i64.const 256 (0x100): 2
i64.const 18446744073709551104 (0xfffffffffffffe00): 2
i64.const 10 (0xa): 2
i64.const 64 (0x40): 2
i64.const 18446744073705340604 (0xffffffffffbfbebc): 2
f64.const 100 (0x1.9p+6): 2
f64.const 256 (0x1p+8): 2
f64.const 1.5 (0x1.8p+0): 2
i64.ge_u: 2
f64.eq: 2
f64.abs: 2
i64.reinterpret_f64: 2
br 15: 1
br 16: 1
br 17: 1
br 18: 1
br 19: 1
br 20: 1
br 22: 1
br 23: 1
br 24: 1
br 25: 1
br 26: 1
br 27: 1
br 28: 1
br 31: 1
br 32: 1
br 43: 1
br 45: 1
br_if 20: 1
br_if 21: 1
br_if 22: 1
br_if 23: 1
br_if 24: 1
br_if 25: 1
br_if 26: 1
br_if 33: 1
br_if 45: 1
br_if 49: 1
br_table 0, 1, 2, 3, 4, 29, 5, 6, 29: 1
br_table 0, 1, 2, 3, 16, 17, 18, 19, 20, 21, 22, 23, 24, 25, 26, 27, 28, 29, 5, 6, 41, 42, 7, 8, 9, 10, 45, 11, 12, 13, 14, 15, 30, 31, 32, 33, 34, 35, 36, 37, 38, 4: 1
br_table 0, 1, 2, 4, 5, 5: 1
br_table 0, 1, 4, 3, 3: 1
br_table 0, 2, 2, 2, 1, 2: 1
br_table 0, 2, 2, 3, 2, 2, 1, 2: 1
br_table 0, 5, 3, 1, 5, 6, 2, 5: 1
br_table 0, 7, 3, 8, 7, 1, 2, 7: 1
br_table 1, 0, 3: 1
br_table 1, 1, 0: 1
br_table 2, 0, 2, 2, 1: 1
br_table 3, 0, 1, 2: 1
br_table 4, 0, 1: 1
br_table 4, 3, 4, 2, 3: 1
br_table 5, 0, 1, 2, 3: 1
br_table 7, 8, 9, 10, 11, 12, 13, 14, 15, 19, 19, 19, 19, 19, 19, 19, 19, 19, 19, 19, 19, 19, 19, 19, 19, 19, 19, 16, 19, 19, 19, 19, 19, 19, 19, 19, 19, 16, 19, 19, 19, 19, 19, 19, 19, 19, 19, 19, 19, 19, 20, 0, 19, 2, 19, 18, 19, 19, 4, 19, 19, 19, 19, 19, 6, 19, 5, 3, 19, 17, 19, 19, 19, 1, 19: 1
br_table 16, 18, 13, 18, 16, 16, 16, 18, 18, 18, 18, 18, 18, 18, 18, 18, 18, 18, 12, 18, 18, 18, 18, 3, 18, 18, 18, 18, 18, 18, 18, 18, 16, 18, 8, 5, 16, 16, 16, 18, 5, 18, 18, 18, 9, 1, 4, 2, 18, 18, 10, 18, 0, 18, 18, 3, 18: 1
br_table 17, 0, 1, 4, 2, 3, 5, 6, 7, 8, 9, 10, 11, 12, 13, 14, 15, 16, 18: 1
call 0: 1
call 1: 1
call 2: 1
call 3: 1
call 4: 1
call 5: 1
call 6: 1
call 7: 1
call 8: 1
call 9: 1
call 10: 1
call 11: 1
call 12: 1
call 13: 1
call 14: 1
call 15: 1
call 16: 1
call 17: 1
call 18: 1
call 20: 1
call 21: 1
call 24: 1
call 33: 1
call 36: 1
call 37: 1
call 40: 1
call 43: 1
call 48: 1
call 50: 1
call 51: 1
call 52: 1
call 58: 1
call 60: 1
call 61: 1
call 62: 1
call 63: 1
call 64: 1
call 68: 1
call 71: 1
call 72: 1
call 73: 1
call 74: 1
call 75: 1
call 77: 1
call 78: 1
call 79: 1
call 81: 1
call 82: 1
call 83: 1
call 84: 1
call 85: 1
call 86: 1
call 87: 1
call 88: 1
call 92: 1
call 94: 1
call 95: 1
call 98: 1
call 99: 1
call 100: 1
call 102: 1
call 107: 1
call 108: 1
call 112: 1
call 114: 1
call 115: 1
call 116: 1
call 123: 1
call 126: 1
call 129: 1
call 132: 1
call 136: 1
call 137: 1
call 144: 1
call 145: 1
call 147: 1
call 149: 1
call 150: 1
call 153: 1
call 154: 1
call 158: 1
call 161: 1
call 163: 1
call 164: 1
call 166: 1
call 167: 1
call 173: 1
call 177: 1
call 178: 1
call 179: 1
call 181: 1
call 184: 1
call 185: 1
call 186: 1
call_indirect 2, 0: 1
local.get 41: 1
local.get 43: 1
local.get 45: 1
local.get 47: 1
local.get 49: 1
local.get 51: 1
local.get 53: 1
local.get 55: 1
local.get 57: 1
local.get 59: 1
local.get 61: 1
local.get 63: 1
local.get 65: 1
local.get 67: 1
local.get 69: 1
local.get 71: 1
local.get 73: 1
local.get 75: 1
local.get 77: 1
local.get 79: 1
local.get 81: 1
local.get 83: 1
local.get 85: 1
local.get 87: 1
local.get 89: 1
local.get 91: 1
local.get 93: 1
local.get 95: 1
local.get 97: 1
local.get 99: 1
local.get 101: 1
local.get 103: 1
local.get 105: 1
local.get 107: 1
local.get 109: 1
local.get 111: 1
local.get 113: 1
local.get 115: 1
local.get 117: 1
local.get 119: 1
local.get 121: 1
local.get 123: 1
local.get 124: 1
local.get 125: 1
local.get 126: 1
local.get 127: 1
local.get 128: 1
local.get 129: 1
local.get 130: 1
local.get 131: 1
local.get 132: 1
local.get 133: 1
local.get 134: 1
local.get 135: 1
local.get 136: 1
local.get 137: 1
local.get 138: 1
local.get 139: 1
local.get 140: 1
local.get 141: 1
local.get 142: 1
local.get 143: 1
local.get 144: 1
local.get 145: 1
local.get 146: 1
local.get 147: 1
local.get 148: 1
local.get 149: 1
local.get 150: 1
local.get 151: 1
local.get 152: 1
local.get 153: 1
local.get 154: 1
local.get 155: 1
local.get 156: 1
local.get 157: 1
local.get 158: 1
local.get 159: 1
local.get 160: 1
local.get 161: 1
local.get 162: 1
local.get 163: 1
local.get 164: 1
local.get 165: 1
local.get 166: 1
local.get 167: 1
local.get 168: 1
local.get 169: 1
local.get 170: 1
local.get 171: 1
local.get 172: 1
local.get 173: 1
local.get 174: 1
local.set 40: 1
local.set 41: 1
local.set 43: 1
local.set 45: 1
local.set 47: 1
local.set 49: 1
local.set 51: 1
local.set 53: 1
local.set 55: 1
local.set 57: 1
local.set 59: 1
local.set 61: 1
local.set 63: 1
local.set 65: 1
local.set 67: 1
local.set 69: 1
local.set 71: 1
local.set 73: 1
local.set 75: 1
local.set 77: 1
local.set 79: 1
local.set 81: 1
local.set 83: 1
local.set 85: 1
local.set 87: 1
local.set 89: 1
local.set 91: 1
local.set 93: 1
local.set 95: 1
local.set 97: 1
local.set 99: 1
local.set 101: 1
local.set 103: 1
local.set 105: 1
local.set 107: 1
local.set 109: 1
local.set 111: 1
local.set 113: 1
local.set 115: 1
local.set 117: 1
local.set 119: 1
local.set 121: 1
local.set 123: 1
local.set 124: 1
local.set 125: 1
local.set 126: 1
local.set 127: 1
local.set 128: 1
local.set 129: 1
local.set 130: 1
local.set 131: 1
local.set 132: 1
local.set 133: 1
local.set 134: 1
local.set 135: 1
local.set 136: 1
local.set 137: 1
local.set 138: 1
local.set 139: 1
local.set 140: 1
local.set 141: 1
local.set 142: 1
local.set 143: 1
local.set 144: 1
local.set 145: 1
local.set 146: 1
local.set 147: 1
local.set 148: 1
local.set 149: 1
local.set 150: 1
local.set 151: 1
local.set 152: 1
local.set 153: 1
local.set 154: 1
local.set 155: 1
local.set 156: 1
local.set 157: 1
local.set 158: 1
local.set 159: 1
local.set 160: 1
local.set 161: 1
local.set 162: 1
local.set 163: 1
local.set 164: 1
local.set 165: 1
local.set 166: 1
local.set 167: 1
local.set 168: 1
local.set 169: 1
local.set 170: 1
local.set 171: 1
local.set 172: 1
local.set 173: 1
local.set 174: 1
local.tee 36: 1
local.tee 39: 1
local.tee 40: 1
local.tee 42: 1
local.tee 44: 1
local.tee 46: 1
local.tee 48: 1
local.tee 50: 1
local.tee 52: 1
local.tee 54: 1
local.tee 56: 1
local.tee 58: 1
local.tee 60: 1
local.tee 62: 1
local.tee 64: 1
local.tee 66: 1
local.tee 68: 1
local.tee 70: 1
local.tee 72: 1
local.tee 74: 1
local.tee 76: 1
local.tee 78: 1
local.tee 80: 1
local.tee 82: 1
local.tee 84: 1
local.tee 86: 1
local.tee 88: 1
local.tee 90: 1
local.tee 92: 1
local.tee 94: 1
local.tee 96: 1
local.tee 98: 1
local.tee 100: 1
local.tee 102: 1
local.tee 104: 1
local.tee 106: 1
local.tee 108: 1
local.tee 110: 1
local.tee 112: 1
local.tee 114: 1
local.tee 116: 1
local.tee 118: 1
local.tee 120: 1
local.tee 122: 1
i32.load 0, 1: 1
i32.load 0, 1555: 1
i32.load 0, 1144: 1
i32.load 2, 18176: 1
i32.load 2, 18688: 1
i32.load 2, 528: 1
i32.load 2, 532: 1
i32.load 2, 64020: 1
i32.load 2, 280: 1
i32.load 2, 536: 1
i32.load 2, 64024: 1
i32.load 2, 540: 1
i32.load 2, 13596: 1
i32.load 2, 64028: 1
i32.load 2, 1056: 1
i32.load 2, 64032: 1
i32.load 2, 64036: 1
i32.load 2, 64040: 1
i32.load 2, 64044: 1
i32.load 2, 304: 1
i32.load 2, 560: 1
i32.load 2, 64048: 1
i32.load 2, 64052: 1
i32.load 2, 312: 1
i32.load 2, 568: 1
i32.load 2, 64056: 1
i32.load 2, 64060: 1
i32.load 2, 64068: 1
i32.load 2, 13640: 1
i32.load 2, 64072: 1
i32.load 2, 64076: 1
i32.load 2, 5456: 1
i32.load 2, 64080: 1
i32.load 2, 64084: 1
i32.load 2, 5464: 1
i32.load 2, 64088: 1
i32.load 2, 64092: 1
i32.load 2, 11360: 1
i32.load 2, 64096: 1
i32.load 2, 64100: 1
i32.load 2, 64104: 1
i32.load 2, 64108: 1
i32.load 2, 624: 1
i32.load 2, 64112: 1
i32.load 2, 5012: 1
i32.load 2, 18580: 1
i32.load 2, 5020: 1
i32.load 2, 18588: 1
i32.load 2, 160: 1
i32.load 2, 5024: 1
i32.load 2, 424: 1
i32.load 2, 5036: 1
i32.load 2, 5040: 1
i32.load 2, 18620: 1
i32.load 2, 13776: 1
i32.load 2, 13528: 1
i32.load 2, 18652: 1
i32.load 2, 18664: 1
i32.load 2, 13804: 1
i64.load 0, 0: 1
i64.load 0, 5: 1
i64.load 2, 8: 1
i64.load 2, 16: 1
i64.load 2, 68: 1
i64.load 2, 18592: 1
i64.load 2, 18600: 1
i64.load 3, 40: 1
i64.load 3, 48: 1
i64.load 3, 432: 1
i64.load 3, 440: 1
f64.load 3, 0: 1
f64.load 3, 56: 1
i32.load8_s 0, 3: 1
i32.load8_u 0, 4: 1
i32.load8_u 0, 1559: 1
i32.load8_u 0, 33: 1
i32.load8_u 0, 56: 1
i32.load8_u 0, 1148: 1
i32.load8_u 0, 144: 1
i32.load8_u 0, 18588: 1
i32.load8_u 0, 7868: 1
i32.load8_u 0, 5064: 1
i32.load8_u 0, 13792: 1
i32.load8_u 0, 13793: 1
i32.load8_u 0, 13808: 1
i32.load16_u 0, 13: 1
i32.load16_u 1, 10: 1
i64.load8_s 0, 0: 1
i64.load8_u 0, 0: 1
i64.load16_s 1, 0: 1
i64.load16_u 1, 0: 1
i32.store 0, 1: 1
i32.store 2, 18688: 1
i32.store 2, 2064: 1
i32.store 2, 64020: 1
i32.store 2, 64024: 1
i32.store 2, 284: 1
i32.store 2, 13596: 1
i32.store 2, 64028: 1
i32.store 2, 4128: 1
i32.store 2, 64032: 1
i32.store 2, 64036: 1
i32.store 2, 64040: 1
i32.store 2, 64044: 1
i32.store 2, 2096: 1
i32.store 2, 64048: 1
i32.store 2, 64052: 1
i32.store 2, 64056: 1
i32.store 2, 64060: 1
i32.store 2, 3392: 1
i32.store 2, 64064: 1
i32.store 2, 1092: 1
i32.store 2, 64068: 1
i32.store 2, 72: 1
i32.store 2, 13640: 1
i32.store 2, 64072: 1
i32.store 2, 64076: 1
i32.store 2, 3152: 1
i32.store 2, 64080: 1
i32.store 2, 64084: 1
i32.store 2, 64088: 1
i32.store 2, 64092: 1
i32.store 2, 4192: 1
i32.store 2, 64096: 1
i32.store 2, 64100: 1
i32.store 2, 616: 1
i32.store 2, 64104: 1
i32.store 2, 64108: 1
i32.store 2, 624: 1
i32.store 2, 64112: 1
i32.store 2, 628: 1
i32.store 2, 120: 1
i32.store 2, 7804: 1
i32.store 2, 18576: 1
i32.store 2, 148: 1
i32.store 2, 18580: 1
i32.store 2, 152: 1
i32.store 2, 164: 1
i32.store 2, 168: 1
i32.store 2, 18600: 1
i32.store 2, 172: 1
i32.store 2, 428: 1
i32.store 2, 436: 1
i32.store 2, 184: 1
i32.store 2, 188: 1
i32.store 2, 444: 1
i32.store 2, 2496: 1
i32.store 2, 204: 1
i32.store 2, 3792: 1
i32.store 2, 18644: 1
i32.store 2, 18648: 1
i32.store 2, 18652: 1
i64.store 0, 0: 1
i64.store 0, 5: 1
i64.store 2, 28: 1
i64.store 2, 36: 1
i64.store 2, 72: 1
i64.store 2, 3148: 1
i64.store 2, 600: 1
i64.store 2, 116: 1
i64.store 3, 1024: 1
i64.store 3, 1032: 1
i64.store 3, 544: 1
i64.store 3, 552: 1
i64.store 3, 48: 1
i64.store 3, 64: 1
i64.store 3, 5440: 1
i64.store 3, 72: 1
i64.store 3, 5448: 1
i64.store 3, 88: 1
i64.store 3, 104: 1
i64.store 3, 160: 1
i64.store 3, 168: 1
i64.store 3, 5544: 1
i64.store 3, 448: 1
f64.store 3, 8: 1
f64.store 3, 32: 1
f64.store 3, 40: 1
i32.store8 0, 10: 1
i32.store8 0, 16: 1
i32.store8 0, 32: 1
i32.store8 0, 16928: 1
i32.store8 0, 33: 1
i32.store8 0, 40: 1
i32.store8 0, 432: 1
i32.store8 0, 433: 1
i32.store8 0, 434: 1
i32.store8 0, 435: 1
i32.store8 0, 440: 1
i32.store8 0, 441: 1
i32.store8 0, 442: 1
i32.store8 0, 443: 1
i32.store16 0, 13: 1
i32.store16 1, 196: 1
i32.store16 1, 198: 1
i32.store16 1, 200: 1
i32.store16 1, 202: 1
i32.store16 1, 204: 1
i32.store16 1, 206: 1
i64.store8 0, 55: 1
i64.store32 2, 8: 1
memory.size 0 (0x0): 1
memory.grow 0 (0x0): 1
i32.const 134217728 (0x8000000): 1
i32.const 503316480 (0x1e000000): 1
i32.const 4261412864 (0xfe000000): 1
i32.const 262144 (0x40000): 1
i32.const 16711680 (0xff0000): 1
i32.const 4294901760 (0xffff0000): 1
i32.const 4096 (0x1000): 1
i32.const 9216 (0x2400): 1
i32.const 55296 (0xd800): 1
i32.const 4294959104 (0xffffe000): 1
i32.const 100000000 (0x5f5e100): 1
i32.const 4294963200 (0xfffff000): 1
i32.const 4294966274 (0xfffffc02): 1
i32.const 260 (0x104): 1
i32.const 516 (0x204): 1
i32.const 4294963204 (0xfffff004): 1
i32.const 1548 (0x60c): 1
i32.const 4108 (0x100c): 1
i32.const 13 (0xd): 1
i32.const 1807 (0x70f): 1
i32.const 9999 (0x270f): 1
i32.const 1040 (0x410): 1
i32.const 2832 (0xb10): 1
i32.const 3600 (0xe10): 1
i32.const 3089 (0xc11): 1
i32.const 64020 (0xfa14): 1
i32.const 3350 (0xd16): 1
i32.const 1048 (0x418): 1
i32.const 1304 (0x518): 1
i32.const 1560 (0x618): 1
i32.const 2074 (0x81a): 1
i32.const 1051 (0x41b): 1
i32.const 284 (0x11c): 1
i32.const 2078 (0x81e): 1
i32.const 2590 (0xa1e): 1
i32.const 1311 (0x51f): 1
i32.const 19744 (0x4d20): 1
i32.const 3874 (0xf22): 1
i32.const 37410 (0x9222): 1
i32.const 1317 (0x525): 1
i32.const 2342 (0x926): 1
i32.const 37926 (0x9426): 1
i32.const 39 (0x27): 1
i32.const 2600 (0xa28): 1
i32.const 38184 (0x9528): 1
i32.const 41 (0x29): 1
i32.const 38442 (0x962a): 1
i32.const 1324 (0x52c): 1
i32.const 2348 (0x92c): 1
i32.const 38700 (0x972c): 1
i32.const 38958 (0x982e): 1
i32.const 1588 (0x634): 1
i32.const 53 (0x35): 1
i32.const 1845 (0x735): 1
i32.const 1334 (0x536): 1
i32.const 10296 (0x2838): 1
i32.const 57 (0x39): 1
i32.const 1338 (0x53a): 1
i32.const 59 (0x3b): 1
i32.const 200000 (0x30d40): 1
i32.const 1346 (0x542): 1
i32.const 1602 (0x642): 1
i32.const 1096 (0x448): 1
i32.const 1869 (0x74d): 1
i32.const 2893 (0xb4d): 1
i32.const 1360 (0x550): 1
i32.const 18001 (0x4651): 1
i32.const 1107 (0x453): 1
i32.const 4947 (0x1353): 1
i32.const 18003 (0x4653): 1
i32.const 1108 (0x454): 1
i32.const 1364 (0x554): 1
i32.const 1625 (0x659): 1
i32.const 4186 (0x105a): 1
i32.const 604 (0x25c): 1
i32.const 1116 (0x45c): 1
i32.const 93 (0x5d): 1
i32.const 1117 (0x45d): 1
i32.const 1374 (0x55e): 1
i32.const 1119 (0x45f): 1
i32.const 2399 (0x95f): 1
i32.const 2400 (0x960): 1
i32.const 9824 (0x2660): 1
i32.const 98 (0x62): 1
i32.const 1122 (0x462): 1
i32.const 99 (0x63): 1
i32.const 2404 (0x964): 1
i32.const 101 (0x65): 1
i32.const 1893 (0x765): 1
i32.const 2662 (0xa66): 1
i32.const 3942 (0xf66): 1
i32.const 103 (0x67): 1
i32.const 1895 (0x767): 1
i32.const 1384 (0x568): 1
i32.const 1386 (0x56a): 1
i32.const 108 (0x6c): 1
i32.const 364 (0x16c): 1
i32.const 1645 (0x66d): 1
i32.const 1135 (0x46f): 1
i32.const 6768 (0x1a70): 1
i32.const 6004 (0x1774): 1
i32.const 64116 (0xfa74): 1
i32.const 119 (0x77): 1
i32.const 1144 (0x478): 1
i32.const 3704 (0xe78): 1
i32.const 8056 (0x1f78): 1
i32.const 3705 (0xe79): 1
i32.const 3451 (0xd7b): 1
i32.const 124 (0x7c): 1
i32.const 636 (0x27c): 1
i32.const 1916 (0x77c): 1
i32.const 1149 (0x47d): 1
i32.const 127 (0x7f): 1
i32.const 1408 (0x580): 1
i32.const 57216 (0xdf80): 1
i32.const 4294967168 (0xffffff80): 1
i32.const 642 (0x282): 1
i32.const 131 (0x83): 1
i32.const 132 (0x84): 1
i32.const 1156 (0x484): 1
i32.const 3207 (0xc87): 1
i32.const 5001 (0x1389): 1
i32.const 3723 (0xe8b): 1
i32.const 1934 (0x78e): 1
i32.const 2958 (0xb8e): 1
i32.const 2191 (0x88f): 1
i32.const 400 (0x190): 1
i32.const 1427 (0x593): 1
i32.const 3731 (0xe93): 1
i32.const 8084 (0x1f94): 1
i32.const 51604 (0xc994): 1
i32.const 2453 (0x995): 1
i32.const 1174 (0x496): 1
i32.const 1686 (0x696): 1
i32.const 51608 (0xc998): 1
i32.const 1690 (0x69a): 1
i32.const 1435 (0x59b): 1
i32.const 1181 (0x49d): 1
i32.const 2462 (0x99e): 1
i32.const 4001 (0xfa1): 1
i32.const 4002 (0xfa2): 1
i32.const 424 (0x1a8): 1
i32.const 3753 (0xea9): 1
i32.const 1706 (0x6aa): 1
i32.const 3498 (0xdaa): 1
i32.const 428 (0x1ac): 1
i32.const 2733 (0xaad): 1
i32.const 1199 (0x4af): 1
i32.const 1200 (0x4b0): 1
i32.const 5296 (0x14b0): 1
i32.const 9648 (0x25b0): 1
i32.const 55728 (0xd9b0): 1
i32.const 1206 (0x4b6): 1
i32.const 184 (0xb8): 1
i32.const 440 (0x1b8): 1
i32.const 1721 (0x6b9): 1
i32.const 3001 (0xbb9): 1
i32.const 3003 (0xbbb): 1
i32.const 3004 (0xbbc): 1
i32.const 3005 (0xbbd): 1
i32.const 1214 (0x4be): 1
i32.const 3006 (0xbbe): 1
i32.const 3007 (0xbbf): 1
i32.const 2498 (0x9c2): 1
i32.const 1219 (0x4c3): 1
i32.const 7621 (0x1dc5): 1
i32.const 10440 (0x28c8): 1
i32.const 1225 (0x4c9): 1
i32.const 4294967241 (0xffffffc9): 1
i32.const 1739 (0x6cb): 1
i32.const 2001 (0x7d1): 1
i32.const 2002 (0x7d2): 1
i32.const 4294967250 (0xffffffd2): 1
i32.const 1238 (0x4d6): 1
i32.const 2775 (0xad7): 1
i32.const 1500 (0x5dc): 1
i32.const 1249 (0x4e1): 1
i32.const 1505 (0x5e1): 1
i32.const 6114 (0x17e2): 1
i32.const 4294967267 (0xffffffe3): 1
i32.const 2020 (0x7e4): 1
i32.const 3812 (0xee4): 1
i32.const 18660 (0x48e4): 1
i32.const 4294967268 (0xffffffe4): 1
i32.const 2278 (0x8e6): 1
i32.const 1511 (0x5e7): 1
i32.const 4294967272 (0xffffffe8): 1
i32.const 1001 (0x3e9): 1
i32.const 1002 (0x3ea): 1
i32.const 235 (0xeb): 1
i32.const 1003 (0x3eb): 1
i32.const 1771 (0x6eb): 1
i32.const 236 (0xec): 1
i32.const 1004 (0x3ec): 1
i32.const 4294967276 (0xffffffec): 1
i32.const 1005 (0x3ed): 1
i32.const 1517 (0x5ed): 1
i32.const 4294967277 (0xffffffed): 1
i32.const 1006 (0x3ee): 1
i32.const 2542 (0x9ee): 1
i32.const 3310 (0xcee): 1
i32.const 1048560 (0xffff0): 1
i32.const 4294967281 (0xfffffff1): 1
i32.const 1522 (0x5f2): 1
i32.const 3571 (0xdf3): 1
i32.const 1526 (0x5f6): 1
i32.const 1271 (0x4f7): 1
i32.const 1273 (0x4f9): 1
i32.const 536870908 (0x1ffffffc): 1
i32.const 3581 (0xdfd): 1
i32.const 254 (0xfe): 1
i32.const 4294967038 (0xfffffefe): 1
i32.const 65534 (0xfffe): 1
i32.const 767 (0x2ff): 1
i32.const 6655 (0x19ff): 1
i32.const 1048575 (0xfffff): 1
i32.const 2097151 (0x1fffff): 1
i64.const 4602678819172646912 (0x3fe0000000000000): 1
i64.const 35467034624 (0x842000000): 1
i64.const 4294967297 (0x100000001): 1
i64.const 8589934594 (0x200000002): 1
i64.const 16386 (0x4002): 1
i64.const 3 (0x3): 1
i64.const 4 (0x4): 1
i64.const 7 (0x7): 1
i64.const 15 (0xf): 1
i64.const 52 (0x34): 1
i64.const 4194625 (0x400141): 1
i64.const 18446744073705356990 (0xffffffffffbffebe): 1
i64.const 42949672959 (0x9ffffffff): 1
i64.const 9227875636482146303 (0x800fffffffffffff): 1
i64.const 9223372036854775807 (0x7fffffffffffffff): 1
f64.const 8 (0x1p+3): 1
f64.const 9.0072e+15 (0x1p+53): 1
f64.const 2.68435e+08 (0x1p+28): 1
f64.const 0.5 (0x1p-1): 1
f64.const 2.14748e+09 (0x1p+31): 1
f64.const 4.29497e+09 (0x1p+32): 1
f64.const 1.84467e+19 (0x1p+64): 1
f64.const inf (inf): 1
f64.const 1e+09 (0x1.dcd65p+29): 1
f64.const 9.0072e+15 (0x1.0000000000001p+53): 1
i64.le_s: 1
i64.ge_s: 1
f64.ge: 1
i64.rotl: 1
f32.div: 1
i32.trunc_f64_s: 1
i32.trunc_f64_u: 1
f64.convert_i32_s: 1
f64.reinterpret_i64: 1
