Total opcodes: 1484

Opcode counts:
local.get: 393
i32.const: 206
end: 97
local.set: 90
i32.add: 85
br_if: 79
i32.load: 78
block: 60
local.tee: 60
i32.store: 34
i32.eqz: 31
call: 30
i32.and: 30
i32.load8_u: 18
i32.sub: 17
br: 15
i32.store8: 15
i32.eq: 15
i64.store: 14
i64.load: 13
call_indirect: 11
drop: 10
global.set: 10
return: 8
loop: 6
i32.ne: 6
select: 5
global.get: 5
unreachable: 4
i32.store16: 4
i64.extend_i32_s: 4
i32.load16_u: 3
i64.const: 3
i32.lt_u: 3
i32.gt_u: 3
i32.or: 3
i32.gt_s: 2
i32.ge_s: 2
i32.ge_u: 2
i32.xor: 2
i32.shr_u: 2
br_table: 1
i32.mul: 1
i32.div_u: 1
i32.shl: 1
i32.shr_s: 1
memory.copy: 1

Opcode counts with immediates:
local.get 0: 115
end: 97
i32.add: 85
local.get 1: 63
block: 60
br_if 0: 60
local.get 2: 54
local.get 4: 51
local.get 5: 47
local.get 3: 42
i32.const 0 (0x0): 38
i32.eqz: 31
i32.and: 30
i32.const 1 (0x1): 22
local.set 1: 18
local.tee 1: 17
i32.const 16 (0x10): 17
i32.const 4294967295 (0xffffffff): 17
i32.sub: 17
local.set 4: 15
local.set 5: 15
i32.eq: 15
local.set 2: 14
i32.const 2 (0x2): 14
i32.const 3 (0x3): 14
local.set 3: 13
local.tee 2: 12
br_if 1: 11
i32.load8_u 0, 0: 11
i32.const 4 (0x4): 11
drop: 10
global.set 0: 10
i32.load 2, 0: 10
i32.const 8 (0x8): 10
br 1: 9
local.get 6: 9
local.set 6: 9
i32.load 2, 20: 9
return: 8
local.tee 0: 8
i32.store8 0, 0: 8
i32.const 32 (0x20): 8
br_if 2: 7
call_indirect 0, 0: 7
local.tee 5: 7
i32.load 2, 32: 7
i32.store 2, 0: 7
loop: 6
i32.load 2, 4: 6
i32.ne: 6
select: 5
local.get 8: 5
local.tee 3: 5
global.get 0: 5
i32.load 0, 0: 5
i32.load 2, 24: 5
i32.load 2, 56: 5
i32.store 2, 1180: 5
i32.const 15 (0xf): 5
unreachable: 4
call_indirect 1, 0: 4
local.get 9: 4
i32.load 2, 8: 4
i32.load 2, 16: 4
i32.load 2, 36: 4
i32.store 2, 20: 4
i32.const 10 (0xa): 4
i32.const 65535 (0xffff): 4
i64.extend_i32_s: 4
br 2: 3
br 3: 3
local.get 7: 3
local.set 0: 3
local.tee 7: 3
i64.load 0, 0: 3
i64.load 2, 0: 3
i32.store 2, 24: 3
i64.store 2, 0: 3
i32.store16 0, 0: 3
i32.const 13 (0xd): 3
i32.const 14 (0xe): 3
i32.const 1040 (0x410): 3
i32.lt_u: 3
i32.gt_u: 3
i32.or: 3
call 21: 2
call 24: 2
local.set 8: 2
local.tee 4: 2
local.tee 6: 2
local.tee 8: 2
local.tee 9: 2
i32.load 1, 0: 2
i32.load 2, 40: 2
i32.load 2, 44: 2
i32.load 2, 64: 2
i32.load 2, 1176: 2
i64.load 2, 8: 2
i32.load8_u 0, 15: 2
i32.load16_u 0, 0: 2
i32.store 2, 16: 2
i64.store 2, 8: 2
i32.store8 0, 1: 2
i32.store8 0, 2: 2
i32.store8 0, 15: 2
i32.const 1024 (0x400): 2
i32.const 5 (0x5): 2
i32.const 12 (0xc): 2
i32.const 17 (0x11): 2
i32.const 18 (0x12): 2
i32.const 19 (0x13): 2
i32.const 255 (0xff): 2
i64.const 0 (0x0): 2
i32.gt_s: 2
i32.ge_s: 2
i32.ge_u: 2
i32.xor: 2
i32.shr_u: 2
br_if 3: 1
br_table 3, 0, 1, 7: 1
call 0: 1
call 1: 1
call 2: 1
call 3: 1
call 4: 1
call 5: 1
call 7: 1
call 8: 1
call 9: 1
call 10: 1
call 11: 1
call 12: 1
call 13: 1
call 14: 1
call 15: 1
call 16: 1
call 17: 1
call 18: 1
call 19: 1
call 20: 1
call 22: 1
call 25: 1
call 26: 1
call 28: 1
call 30: 1
call 31: 1
local.set 7: 1
i32.load 0, 1: 1
i32.load 2, 12: 1
i32.load 2, 1056: 1
i32.load 2, 1060: 1
i32.load 2, 52: 1
i32.load 2, 60: 1
i32.load 2, 1104: 1
i32.load 2, 1152: 1
i32.load 2, 1168: 1
i64.load 0, 5: 1
i64.load 1, 0: 1
i64.load 2, 16: 1
i64.load 2, 24: 1
i64.load 3, 8: 1
i32.load8_u 0, 1: 1
i32.load8_u 0, 2: 1
i32.load8_u 0, 3: 1
i32.load8_u 0, 8: 1
i32.load8_u 0, 16: 1
i32.load16_u 0, 13: 1
i32.store 0, 0: 1
i32.store 0, 1: 1
i32.store 2, 1: 1
i32.store 2, 2: 1
i32.store 2, 3: 1
i32.store 2, 4: 1
i32.store 2, 8: 1
i32.store 2, 12: 1
i32.store 2, 32: 1
i32.store 2, 1060: 1
i32.store 2, 60: 1
i32.store 2, 64: 1
i32.store 2, 1168: 1
i64.store 0, 0: 1
i64.store 0, 5: 1
i64.store 2, 4: 1
i64.store 2, 5: 1
i64.store 2, 6: 1
i64.store 2, 7: 1
i64.store 2, 16: 1
i64.store 2, 24: 1
i64.store 3, 16: 1
i32.store8 0, 3: 1
i32.store16 0, 13: 1
i32.const 6 (0x6): 1
i32.const 7 (0x7): 1
i32.const 28 (0x1c): 1
i32.const 31 (0x1f): 1
i32.const 36 (0x24): 1
i32.const 59 (0x3b): 1
i32.const 64 (0x40): 1
i32.const 70 (0x46): 1
i32.const 76 (0x4c): 1
i32.const 2155905152 (0x80808080): 1
i32.const 1172 (0x494): 1
i32.const 67760 (0x108b0): 1
i32.const 4294967264 (0xffffffe0): 1
i32.const 4294967280 (0xfffffff0): 1
i32.const 4294967291 (0xfffffffb): 1
i32.const 4294967292 (0xfffffffc): 1
i32.const 4294967293 (0xfffffffd): 1
i32.const 4294967294 (0xfffffffe): 1
i32.const 4278124287 (0xfefefeff): 1
i64.const 18446744073709551615 (0xffffffffffffffff): 1
i32.mul: 1
i32.div_u: 1
i32.shl: 1
i32.shr_s: 1
memory.copy 0, 0: 1
